2025-04-11 20:44:48,265 - INFO - Starting company metadata crawler
2025-04-11 20:44:48,328 - INFO - Successfully loaded 2486 symbols from StockData.csv
2025-04-11 20:44:48,328 - INFO - Found 2486 symbols to process
2025-04-11 20:44:48,328 - INFO - Processing only the first 33 symbols
2025-04-11 20:44:49,774 - INFO - Processing batch 1/4 (10 symbols)
2025-04-11 20:44:50,124 - INFO - Successfully fetched details for SKIPPER
2025-04-11 20:44:51,456 - INFO - Successfully fetched details for SKYGOLD
2025-04-11 20:44:54,038 - INFO - Successfully fetched details for SLONE
2025-04-11 20:44:55,589 - INFO - Successfully fetched details for SMARTLINK
2025-04-11 20:44:57,040 - INFO - Successfully fetched details for SMCGLOBAL
2025-04-11 20:44:58,488 - INFO - Successfully fetched details for SMLISUZU
2025-04-11 20:44:59,937 - INFO - Successfully fetched details for SMSLIFE
2025-04-11 20:45:01,446 - INFO - Successfully fetched details for SMSPHARMA
2025-04-11 20:45:03,116 - INFO - Successfully fetched details for SMVD
2025-04-11 20:45:04,666 - INFO - Successfully fetched details for SNOWMAN
2025-04-11 20:45:05,667 - INFO - Processing batch 2/4 (10 symbols)
2025-04-11 20:45:06,027 - INFO - Successfully fetched details for SOBHA
2025-04-11 20:45:07,581 - INFO - Successfully fetched details for SOFTTECH
2025-04-11 20:45:08,901 - INFO - Successfully fetched details for SOLARINDS
2025-04-11 20:45:10,330 - INFO - Successfully fetched details for SOLARA
2025-04-11 20:45:12,301 - INFO - Successfully fetched details for SOLEX
2025-04-11 20:45:13,772 - INFO - Successfully fetched details for BALCO
2025-04-11 20:45:15,369 - INFO - Successfully fetched details for SDBL
2025-04-11 20:45:16,923 - INFO - Successfully fetched details for SOMATEX
2025-04-11 20:45:18,552 - INFO - Successfully fetched details for SOMANYCERA
2025-04-11 20:45:20,189 - INFO - Successfully fetched details for SOMICONVEY
2025-04-11 20:45:21,190 - INFO - Processing batch 3/4 (10 symbols)
2025-04-11 20:45:21,630 - INFO - Successfully fetched details for SONACOMS
2025-04-11 20:45:23,240 - INFO - Successfully fetched details for SONAMAC
2025-04-11 20:45:24,781 - INFO - Successfully fetched details for SONAMLTD
2025-04-11 20:45:26,433 - INFO - Successfully fetched details for SONATSOFTW
2025-04-11 20:45:28,968 - INFO - Successfully fetched details for SONUINFRA
2025-04-11 20:45:30,378 - INFO - Successfully fetched details for SOUTHWEST
2025-04-11 20:45:31,740 - INFO - Successfully fetched details for SPRL
2025-04-11 20:45:33,088 - INFO - Successfully fetched details for SPCENET
2025-04-11 20:45:34,953 - INFO - Successfully fetched details for SPANDANA
2025-04-11 20:45:36,517 - INFO - Successfully fetched details for SPECIALITY
2025-04-11 20:45:37,518 - INFO - Processing batch 4/4 (3 symbols)
2025-04-11 20:45:38,092 - INFO - Successfully fetched details for SPECTRUM
2025-04-11 20:45:39,665 - INFO - Successfully fetched details for SPECTSTM
2025-04-11 20:45:41,172 - INFO - Successfully fetched details for SPENCERS
2025-04-11 20:45:42,206 - INFO - Successfully stored data for 33 out of 33 companies
2025-04-11 20:45:42,206 - INFO - Company metadata crawler completed
2025-04-11 20:46:00,571 - INFO - Starting company metadata crawler
2025-04-11 20:46:00,633 - INFO - Successfully loaded 2486 symbols from StockData.csv
2025-04-11 20:46:00,633 - INFO - Found 2486 symbols to process
2025-04-11 20:46:00,633 - INFO - Processing only the first 100 symbols
2025-04-11 20:46:02,085 - INFO - Processing batch 1/10 (10 symbols)
2025-04-11 20:46:02,720 - INFO - Successfully fetched details for SPIC
2025-04-11 20:46:04,002 - INFO - Successfully fetched details for SPLIL
2025-04-11 20:46:05,585 - INFO - Successfully fetched details for SPMLINFRA
2025-04-11 20:46:06,937 - INFO - Successfully fetched details for SPORTKING
2025-04-11 20:46:08,588 - INFO - Successfully fetched details for SPPPOLY
2025-04-11 20:46:09,910 - INFO - Successfully fetched details for SRHHYPOLTD
2025-04-11 20:46:11,635 - INFO - Successfully fetched details for SREEL
2025-04-11 20:46:13,210 - INFO - Successfully fetched details for SRF
2025-04-11 20:46:14,776 - INFO - Successfully fetched details for SRGHFL
2025-04-11 20:46:16,682 - INFO - Successfully fetched details for SABTNL
2025-04-11 20:46:17,683 - INFO - Processing batch 2/10 (10 symbols)
2025-04-11 20:46:18,299 - INFO - Successfully fetched details for HAVISHA
2025-04-11 20:46:19,713 - INFO - Successfully fetched details for SSFL
2025-04-11 20:46:21,156 - INFO - Successfully fetched details for SRIVASAVI
2025-04-11 20:46:22,896 - INFO - Successfully fetched details for SRM
2025-04-11 20:46:24,454 - INFO - Successfully fetched details for STALLION
2025-04-11 20:46:25,794 - INFO - Successfully fetched details for SGLTL
2025-04-11 20:46:27,182 - INFO - Successfully fetched details for SIL
2025-04-11 20:46:28,494 - INFO - Successfully fetched details for STANLEY
2025-04-11 20:46:29,866 - INFO - Successfully fetched details for STARCEMENT
2025-04-11 20:46:31,440 - INFO - Successfully fetched details for STARHEALTH
2025-04-11 20:46:32,441 - INFO - Processing batch 3/10 (10 symbols)
2025-04-11 20:46:33,034 - INFO - Successfully fetched details for STARPAPER
2025-04-11 20:46:34,622 - INFO - Successfully fetched details for STARTECK
2025-04-11 20:46:36,383 - INFO - Successfully fetched details for SBIN
2025-04-11 20:46:37,441 - INFO - Successfully fetched details for SAIL
2025-04-11 20:46:39,070 - INFO - Successfully fetched details for STEELCITY
2025-04-11 20:46:40,665 - INFO - Successfully fetched details for STEELXIND
2025-04-11 20:46:42,012 - INFO - Successfully fetched details for SSWL
2025-04-11 20:46:43,561 - INFO - Successfully fetched details for STEELCAS
2025-04-11 20:46:44,946 - INFO - Successfully fetched details for STEL
2025-04-11 20:46:46,274 - INFO - Successfully fetched details for STERTOOLS
2025-04-11 20:46:47,275 - INFO - Processing batch 4/10 (10 symbols)
2025-04-11 20:46:48,072 - INFO - Successfully fetched details for STLTECH
2025-04-11 20:46:49,427 - INFO - Successfully fetched details for SGL
2025-04-11 20:46:50,742 - INFO - Successfully fetched details for STOVEKRAFT
2025-04-11 20:46:52,060 - INFO - Successfully fetched details for STAR
2025-04-11 20:46:53,387 - INFO - Successfully fetched details for SWSOLAR
2025-04-11 20:46:54,771 - INFO - Successfully fetched details for STYLAMIND
2025-04-11 20:46:56,074 - INFO - Successfully fetched details for STYRENIX
2025-04-11 20:46:57,390 - INFO - Successfully fetched details for SUBEXLTD
2025-04-11 20:46:59,023 - INFO - Successfully fetched details for SUBROS
2025-04-11 20:47:00,721 - INFO - Successfully fetched details for SUDARSCHEM
2025-04-11 20:47:01,722 - INFO - Processing batch 5/10 (10 symbols)
2025-04-11 20:47:02,055 - INFO - Successfully fetched details for SUKHJITS
2025-04-11 20:47:03,386 - INFO - Successfully fetched details for SULA
2025-04-11 20:47:04,700 - INFO - Successfully fetched details for SUMIT
2025-04-11 20:47:05,996 - INFO - Successfully fetched details for SUMICHEM
2025-04-11 20:47:07,353 - INFO - Successfully fetched details for SUMMITSEC
2025-04-11 20:47:09,134 - INFO - Successfully fetched details for SPARC
2025-04-11 20:47:10,197 - INFO - Successfully fetched details for SUNPHARMA
2025-04-11 20:47:11,861 - INFO - Successfully fetched details for SUNTV
2025-04-11 20:47:13,255 - INFO - Successfully fetched details for SUNCLAY
2025-04-11 20:47:14,613 - INFO - Successfully fetched details for SUNDARMHLD
2025-04-11 20:47:15,615 - INFO - Processing batch 6/10 (10 symbols)
2025-04-11 20:47:15,949 - INFO - Successfully fetched details for SUNDARMFIN
2025-04-11 20:47:17,585 - INFO - Successfully fetched details for SUNDARAM
2025-04-11 20:47:19,172 - INFO - Successfully fetched details for SUNDRMBRAK
2025-04-11 20:47:20,486 - INFO - Successfully fetched details for SUNDRMFAST
2025-04-11 20:47:22,148 - INFO - Successfully fetched details for SUNFLAG
2025-04-11 20:47:23,723 - INFO - Successfully fetched details for SEL
2025-04-11 20:47:25,094 - INFO - Successfully fetched details for SUNLITE
2025-04-11 20:47:26,388 - INFO - Successfully fetched details for SUNREST
2025-04-11 20:47:27,853 - INFO - Successfully fetched details for SUNTECK
2025-04-11 20:47:29,475 - INFO - Successfully fetched details for SUPERSPIN
2025-04-11 20:47:30,475 - INFO - Processing batch 7/10 (10 symbols)
2025-04-11 20:47:30,884 - INFO - Successfully fetched details for SUPERHOUSE
2025-04-11 20:47:32,515 - INFO - Successfully fetched details for SUPRAJIT
2025-04-11 20:47:33,884 - INFO - Successfully fetched details for SUPREMEENG
2025-04-11 20:47:35,436 - INFO - Successfully fetched details for SFML
2025-04-11 20:47:37,013 - INFO - Successfully fetched details for SUPREME
2025-04-11 20:47:38,448 - INFO - Successfully fetched details for SUPREMEIND
2025-04-11 20:47:40,381 - INFO - Successfully fetched details for SUPREMEINF
2025-04-11 20:47:41,904 - INFO - Successfully fetched details for SPLPETRO
2025-04-11 20:47:44,617 - INFO - Successfully fetched details for SUPREMEPWR
2025-04-11 20:47:46,174 - INFO - Successfully fetched details for SUPRIYA
2025-04-11 20:47:47,175 - INFO - Processing batch 8/10 (10 symbols)
2025-04-11 20:47:47,712 - INFO - Successfully fetched details for SURAJEST
2025-04-11 20:47:49,182 - INFO - Successfully fetched details for SURAJLTD
2025-04-11 20:47:50,858 - INFO - Successfully fetched details for SURAKSHA
2025-04-11 20:47:52,502 - INFO - Successfully fetched details for SURANASOL
2025-04-11 20:47:54,315 - INFO - Successfully fetched details for SURANAT&P
2025-04-11 20:47:56,807 - INFO - Successfully fetched details for SBGLP
2025-04-11 20:47:58,408 - INFO - Successfully fetched details for SURYAROSNI
2025-04-11 20:48:00,060 - INFO - Successfully fetched details for SURYALAXMI
2025-04-11 20:48:01,651 - INFO - Successfully fetched details for SURYODAY
2025-04-11 20:48:03,235 - INFO - Successfully fetched details for SUTLEJTEX
2025-04-11 20:48:04,236 - INFO - Processing batch 9/10 (10 symbols)
2025-04-11 20:48:04,569 - INFO - Successfully fetched details for SUULD
2025-04-11 20:48:06,133 - INFO - Successfully fetched details for SUVEN
2025-04-11 20:48:07,524 - INFO - Successfully fetched details for SUVENPHAR
2025-04-11 20:48:08,911 - INFO - Successfully fetched details for SUVIDHAA
2025-04-11 20:48:10,774 - INFO - Successfully fetched details for SUYOG
2025-04-11 20:48:12,052 - INFO - Successfully fetched details for SUZLON
2025-04-11 20:48:14,411 - INFO - Successfully fetched details for SVPGLOB
2025-04-11 20:48:15,904 - INFO - Successfully fetched details for SWANDEF
2025-04-11 20:48:17,791 - INFO - Successfully fetched details for SWANENERGY
2025-04-11 20:48:19,141 - INFO - Successfully fetched details for SWARAJENG
2025-04-11 20:48:20,141 - INFO - Processing batch 10/10 (10 symbols)
2025-04-11 20:48:20,451 - INFO - Successfully fetched details for SWARAJ
2025-04-11 20:48:21,750 - INFO - Successfully fetched details for SWASTIK
2025-04-11 20:48:23,662 - INFO - Successfully fetched details for SWELECTES
2025-04-11 20:48:25,204 - INFO - Successfully fetched details for SWIGGY
2025-04-11 20:48:26,757 - INFO - Successfully fetched details for SYLVANPLY
2025-04-11 20:48:28,092 - INFO - Successfully fetched details for SYMPHONY
2025-04-11 20:48:29,461 - INFO - Successfully fetched details for SYNCOMF
2025-04-11 20:48:30,758 - INFO - Successfully fetched details for SGIL
2025-04-11 20:48:32,066 - INFO - Successfully fetched details for SYNGENE
2025-04-11 20:48:33,615 - INFO - Successfully fetched details for SYNOPTICS
2025-04-11 20:48:34,655 - WARNING - Missing essential company information
2025-04-11 20:48:34,658 - INFO - Successfully stored data for 99 out of 100 companies
2025-04-11 20:48:34,658 - INFO - Company metadata crawler completed
2025-04-11 20:49:39,222 - INFO - Starting company metadata crawler
2025-04-11 20:49:39,286 - INFO - Successfully loaded 2486 symbols from StockData.csv
2025-04-11 20:49:39,286 - INFO - Found 2486 symbols to process
2025-04-11 20:49:39,286 - INFO - Processing only the first 100 symbols
2025-04-11 20:49:40,736 - INFO - Processing batch 1/10 (10 symbols)
2025-04-11 20:49:41,319 - INFO - Successfully fetched details for SYRMA
2025-04-11 20:49:42,682 - INFO - Successfully fetched details for SYSTANGO
2025-04-11 20:49:44,176 - INFO - Successfully fetched details for TTL
2025-04-11 20:49:45,783 - INFO - Successfully fetched details for TAC
2025-04-11 20:49:47,122 - INFO - Successfully fetched details for TAINWALCHM
2025-04-11 20:49:48,767 - INFO - Successfully fetched details for TAJGVK
2025-04-11 20:49:51,417 - INFO - Successfully fetched details for TAKE
2025-04-11 20:49:52,800 - INFO - Successfully fetched details for TALBROAUTO
2025-04-11 20:49:54,128 - INFO - Successfully fetched details for TMB
2025-04-11 20:49:55,504 - INFO - Successfully fetched details for TNPL
2025-04-11 20:49:56,505 - INFO - Processing batch 2/10 (10 symbols)
2025-04-11 20:49:56,881 - INFO - Successfully fetched details for TNPETRO
2025-04-11 20:49:58,286 - INFO - Successfully fetched details for TNTELE
2025-04-11 20:49:59,349 - INFO - Successfully fetched details for TANLA
2025-04-11 20:50:00,812 - INFO - Successfully fetched details for TAPIFRUIT
2025-04-11 20:50:02,673 - INFO - Successfully fetched details for TARACHAND
2025-04-11 20:50:04,720 - INFO - Successfully fetched details for TARAPUR
2025-04-11 20:50:06,977 - INFO - Successfully fetched details for TARC
2025-04-11 20:50:08,312 - INFO - Successfully fetched details for TARMAT
2025-04-11 20:50:09,893 - INFO - Successfully fetched details for TARSONS
2025-04-11 20:50:11,240 - INFO - Successfully fetched details for TASTYBITE
2025-04-11 20:50:12,241 - INFO - Processing batch 3/10 (10 symbols)
2025-04-11 20:50:12,677 - INFO - Successfully fetched details for TATACHEM
2025-04-11 20:50:13,999 - INFO - Successfully fetched details for TATACOMM
2025-04-11 20:50:15,076 - INFO - Successfully fetched details for TCS
2025-04-11 20:50:16,597 - INFO - Successfully fetched details for TATACONSUM
2025-04-11 20:50:17,663 - INFO - Successfully fetched details for TATAELXSI
2025-04-11 20:50:19,356 - INFO - Successfully fetched details for TATAINVEST
2025-04-11 20:50:20,423 - INFO - Successfully fetched details for TATAMOTORS
2025-04-11 20:50:22,048 - INFO - Successfully fetched details for TATAPOWER
2025-04-11 20:50:23,107 - INFO - Successfully fetched details for TATASTEEL
2025-04-11 20:50:24,446 - INFO - Successfully fetched details for TATATECH
2025-04-11 20:50:25,447 - INFO - Processing batch 4/10 (10 symbols)
2025-04-11 20:50:25,835 - INFO - Successfully fetched details for TTML
2025-04-11 20:50:28,429 - INFO - Successfully fetched details for TBI
2025-04-11 20:50:29,783 - INFO - Successfully fetched details for TBOTEK
2025-04-11 20:50:31,498 - INFO - Successfully fetched details for TCIEXP
2025-04-11 20:50:33,139 - INFO - Successfully fetched details for TCPLPACK
2025-04-11 20:50:34,456 - INFO - Successfully fetched details for TDPOWERSYS
2025-04-11 20:50:35,757 - INFO - Successfully fetched details for TEAMLEASE
2025-04-11 20:50:37,113 - INFO - Successfully fetched details for TPHQ
2025-04-11 20:50:38,263 - INFO - Successfully fetched details for TECHM
2025-04-11 20:50:39,682 - INFO - Successfully fetched details for TECHERA
2025-04-11 20:50:40,683 - INFO - Processing batch 5/10 (10 symbols)
2025-04-11 20:50:41,051 - INFO - Successfully fetched details for TECHIN
2025-04-11 20:50:42,382 - INFO - Successfully fetched details for TECHNOE
2025-04-11 20:50:43,835 - INFO - Successfully fetched details for TIIL
2025-04-11 20:50:45,252 - INFO - Successfully fetched details for TECILCHEM
2025-04-11 20:50:47,188 - INFO - Successfully fetched details for TGL
2025-04-11 20:50:48,566 - INFO - Successfully fetched details for TEGA
2025-04-11 20:50:49,862 - INFO - Successfully fetched details for TEJASNET
2025-04-11 20:50:51,164 - INFO - Successfully fetched details for TEMBO
2025-04-11 20:50:52,972 - INFO - Successfully fetched details for TERASOFT
2025-04-11 20:50:54,364 - INFO - Successfully fetched details for TEXINFRA
2025-04-11 20:50:55,365 - INFO - Processing batch 6/10 (10 symbols)
2025-04-11 20:50:55,683 - INFO - Successfully fetched details for TEXRAIL
2025-04-11 20:50:56,969 - INFO - Successfully fetched details for TEXMOPIPES
2025-04-11 20:50:58,360 - INFO - Successfully fetched details for TGBHOTELS
2025-04-11 20:50:59,657 - INFO - Successfully fetched details for TCL
2025-04-11 20:51:01,587 - INFO - Successfully fetched details for THANGAMAYL
2025-04-11 20:51:03,000 - INFO - Successfully fetched details for ANUP
2025-04-11 20:51:04,512 - INFO - Successfully fetched details for BYKE
2025-04-11 20:51:05,958 - INFO - Successfully fetched details for GESHIP
2025-04-11 20:51:07,298 - INFO - Successfully fetched details for GROBTEA
2025-04-11 20:51:08,596 - INFO - Successfully fetched details for HITECHGEAR
2025-04-11 20:51:09,597 - INFO - Processing batch 7/10 (10 symbols)
2025-04-11 20:51:10,275 - INFO - Successfully fetched details for INDIACEM
2025-04-11 20:51:11,616 - INFO - Successfully fetched details for INDHOTEL
2025-04-11 20:51:13,071 - INFO - Successfully fetched details for THEINVEST
2025-04-11 20:51:14,409 - INFO - Successfully fetched details for NIACL
2025-04-11 20:51:15,836 - INFO - Successfully fetched details for PKTEA
2025-04-11 20:51:17,249 - INFO - Successfully fetched details for PHOENIXLTD
2025-04-11 20:51:18,602 - INFO - Successfully fetched details for RAMCOCEM
2025-04-11 20:51:19,897 - INFO - Successfully fetched details for RUBYMILLS
2025-04-11 20:51:21,206 - INFO - Successfully fetched details for SOUTHBANK
2025-04-11 20:51:22,926 - INFO - Successfully fetched details for STCINDIA
2025-04-11 20:51:23,927 - INFO - Processing batch 8/10 (10 symbols)
2025-04-11 20:51:24,310 - INFO - Successfully fetched details for UGARSUGAR
2025-04-11 20:51:25,911 - INFO - Successfully fetched details for WIPL
2025-04-11 20:51:27,307 - INFO - Successfully fetched details for THEJO
2025-04-11 20:51:28,634 - INFO - Successfully fetched details for THEMISMED
2025-04-11 20:51:30,192 - INFO - Successfully fetched details for THERMAX
2025-04-11 20:51:31,593 - INFO - Successfully fetched details for THESL
2025-04-11 20:51:33,230 - INFO - Successfully fetched details for TIRUMALCHM
2025-04-11 20:51:34,618 - INFO - Successfully fetched details for THOMASCOOK
2025-04-11 20:51:36,432 - INFO - Successfully fetched details for THOMASCOTT
2025-04-11 20:51:37,780 - INFO - Successfully fetched details for THYROCARE
2025-04-11 20:51:38,781 - INFO - Processing batch 9/10 (10 symbols)
2025-04-11 20:51:40,682 - INFO - Successfully fetched details for TIJARIA
2025-04-11 20:51:42,372 - INFO - Successfully fetched details for TIL
2025-04-11 20:51:44,016 - INFO - Successfully fetched details for TI
2025-04-11 20:51:45,753 - INFO - Successfully fetched details for TIMETECHNO
2025-04-11 20:51:47,266 - INFO - Successfully fetched details for TIMESGTY
2025-04-11 20:51:49,037 - INFO - Successfully fetched details for TIMESCAN
2025-04-11 20:51:50,864 - INFO - Successfully fetched details for TIMKEN
2025-04-11 20:51:52,206 - INFO - Successfully fetched details for TIPSFILMS
2025-04-11 20:51:53,782 - INFO - Successfully fetched details for TIPSMUSIC
2025-04-11 20:51:56,858 - INFO - Successfully fetched details for TIRUPATIFL
2025-04-11 20:51:57,859 - INFO - Processing batch 10/10 (10 symbols)
2025-04-11 20:51:58,184 - INFO - Successfully fetched details for TITAGARH
2025-04-11 20:51:59,249 - INFO - Successfully fetched details for TITAN
2025-04-11 20:52:00,606 - INFO - Successfully fetched details for TOKYOPLAST
2025-04-11 20:52:02,290 - INFO - Successfully fetched details for TOLINS
2025-04-11 20:52:03,844 - INFO - Successfully fetched details for TORNTPHARM
2025-04-11 20:52:05,132 - INFO - Successfully fetched details for TORNTPOWER
2025-04-11 20:52:06,566 - INFO - Successfully fetched details for TOTAL
2025-04-11 20:52:08,142 - INFO - Successfully fetched details for TOUCHWOOD
2025-04-11 20:52:09,448 - INFO - Successfully fetched details for TFCILTD
2025-04-11 20:52:10,772 - INFO - Successfully fetched details for TPLPLASTEH
2025-04-11 20:52:11,818 - INFO - Successfully stored data for 100 out of 100 companies
2025-04-11 20:52:11,818 - INFO - Company metadata crawler completed
2025-04-11 20:54:33,199 - INFO - Starting company metadata crawler
2025-04-11 20:54:33,274 - INFO - Successfully loaded 2486 symbols from StockData.csv
2025-04-11 20:54:33,274 - INFO - Found 2486 symbols to process
2025-04-11 20:54:33,275 - INFO - Processing only the first 100 symbols
2025-04-11 20:54:35,800 - INFO - Processing batch 1/10 (10 symbols)
2025-04-11 20:54:35,854 - INFO - Successfully fetched details for TRACXN
2025-04-11 20:54:37,065 - INFO - Successfully fetched details for TARIL
2025-04-11 20:54:38,132 - INFO - Successfully fetched details for TREL
2025-04-11 20:54:39,207 - INFO - Successfully fetched details for TCI
2025-04-11 20:54:40,270 - INFO - Successfully fetched details for TRANSRAILL
2025-04-11 20:54:41,700 - INFO - Successfully fetched details for TRANSTEEL
2025-04-11 20:54:43,752 - INFO - Successfully fetched details for TFL
2025-04-11 20:54:45,222 - INFO - Successfully fetched details for TRANSWORLD
2025-04-11 20:54:46,827 - INFO - Successfully fetched details for TREEHOUSE
2025-04-11 20:54:48,145 - INFO - Successfully fetched details for TREJHARA
2025-04-11 20:54:49,145 - INFO - Processing batch 2/10 (10 symbols)
2025-04-11 20:54:49,582 - INFO - Successfully fetched details for TRENT
2025-04-11 20:54:51,014 - INFO - Successfully fetched details for TRF
2025-04-11 20:54:52,753 - INFO - Successfully fetched details for TBZ
2025-04-11 20:54:54,187 - INFO - Successfully fetched details for TRIDENT
2025-04-11 20:54:55,250 - INFO - Successfully fetched details for TECHLABS
2025-04-11 20:54:56,855 - INFO - Successfully fetched details for TRIDHYA
2025-04-11 20:54:58,282 - INFO - Successfully fetched details for TRIGYN
2025-04-11 20:54:59,646 - INFO - Successfully fetched details for TRIVENI
2025-04-11 20:55:01,057 - INFO - Successfully fetched details for TRITURBINE
2025-04-11 20:55:02,788 - INFO - Successfully fetched details for TROM
2025-04-11 20:55:03,789 - INFO - Processing batch 3/10 (10 symbols)
2025-04-11 20:55:04,735 - INFO - Successfully fetched details for TRU
2025-04-11 20:55:06,171 - INFO - Successfully fetched details for TRUST
2025-04-11 20:55:07,602 - INFO - Successfully fetched details for TTKHLTCARE
2025-04-11 20:55:08,921 - INFO - Successfully fetched details for TTKPRESTIG
2025-04-11 20:55:09,992 - INFO - Successfully fetched details for TIINDIA
2025-04-11 20:55:11,066 - INFO - Successfully fetched details for TUNWAL
2025-04-11 20:55:12,826 - INFO - Successfully fetched details for TVTODAY
2025-04-11 20:55:16,203 - INFO - Successfully fetched details for TVVISION
2025-04-11 20:55:18,046 - INFO - Successfully fetched details for TVSELECT
2025-04-11 20:55:19,479 - INFO - Successfully fetched details for TVSHLTD
2025-04-11 20:55:20,480 - INFO - Processing batch 4/10 (10 symbols)
2025-04-11 20:55:20,543 - INFO - Successfully fetched details for TVSMOTOR
2025-04-11 20:55:22,350 - INFO - Successfully fetched details for TVSSRICHAK
2025-04-11 20:55:23,985 - INFO - Successfully fetched details for TVSSCS
2025-04-11 20:55:25,423 - INFO - Successfully fetched details for TICL
2025-04-11 20:55:26,785 - INFO - Successfully fetched details for UYFINCORP
2025-04-11 20:55:28,493 - INFO - Successfully fetched details for UCAL
2025-04-11 20:55:30,336 - INFO - Successfully fetched details for UCOBANK
2025-04-11 20:55:32,690 - INFO - Successfully fetched details for UDAICEMENT
2025-04-11 20:55:34,330 - INFO - Successfully fetched details for USK
2025-04-11 20:55:36,069 - INFO - Successfully fetched details for UFLEX
2025-04-11 20:55:37,070 - INFO - Processing batch 5/10 (10 symbols)
2025-04-11 20:55:37,813 - INFO - Successfully fetched details for UFO
2025-04-11 20:55:39,552 - INFO - Successfully fetched details for UGROCAP
2025-04-11 20:55:41,194 - INFO - Successfully fetched details for UEL
2025-04-11 20:55:43,032 - INFO - Successfully fetched details for UJJIVANSFB
2025-04-11 20:55:44,671 - INFO - Successfully fetched details for ULTRACEMCO
2025-04-11 20:55:46,309 - INFO - Successfully fetched details for UMA
2025-04-11 20:55:48,152 - INFO - Successfully fetched details for UMAEXPORTS
2025-04-11 20:55:49,688 - INFO - Successfully fetched details for UMANGDAIRY
2025-04-11 20:55:51,223 - INFO - Successfully fetched details for UNICHEMLAB
2025-04-11 20:55:52,864 - INFO - Successfully fetched details for UNIECOM
2025-04-11 20:55:53,864 - INFO - Processing batch 6/10 (10 symbols)
2025-04-11 20:55:54,502 - INFO - Successfully fetched details for UNIHEALTH
2025-04-11 20:55:57,163 - INFO - Successfully fetched details for UNIINFO
2025-04-11 20:55:58,699 - INFO - Successfully fetched details for UNILEX
2025-04-11 20:56:00,338 - INFO - Successfully fetched details for UNIMECH
2025-04-11 20:56:02,015 - INFO - Successfully fetched details for UNIONBANK
2025-04-11 20:56:03,718 - INFO - Successfully fetched details for UNIPARTS
2025-04-11 20:56:05,459 - INFO - Successfully fetched details for UNIENTER
2025-04-11 20:56:07,406 - INFO - Successfully fetched details for UNITECH
2025-04-11 20:56:09,451 - INFO - Successfully fetched details for UBL
2025-04-11 20:56:11,093 - INFO - Successfully fetched details for UNIDT
2025-04-11 20:56:12,094 - INFO - Processing batch 7/10 (10 symbols)
2025-04-11 20:56:12,730 - INFO - Successfully fetched details for UHTL
2025-04-11 20:56:14,280 - INFO - Successfully fetched details for UNITEDTEA
2025-04-11 20:56:15,802 - INFO - Successfully fetched details for UNITEDPOLY
2025-04-11 20:56:16,924 - INFO - Successfully fetched details for UNITDSPR
2025-04-11 20:56:18,567 - INFO - Successfully fetched details for UNIVAFOODS
2025-04-11 20:56:20,203 - INFO - Successfully fetched details for UNIVASTU
2025-04-11 20:56:21,741 - INFO - Successfully fetched details for UNIVCABLES
2025-04-11 20:56:23,378 - INFO - Successfully fetched details for UNIVPHOTO
2025-04-11 20:56:25,119 - INFO - Successfully fetched details for UNOMINDA
2025-04-11 20:56:27,233 - INFO - Successfully fetched details for UDS
2025-04-11 20:56:28,233 - INFO - Processing batch 8/10 (10 symbols)
2025-04-11 20:56:28,908 - INFO - Successfully fetched details for UPL
2025-04-11 20:56:30,548 - INFO - Successfully fetched details for USASEEDS
2025-04-11 20:56:32,185 - INFO - Successfully fetched details for URAVIDEF
2025-04-11 20:56:33,720 - INFO - Successfully fetched details for URBAN
2025-04-11 20:56:36,588 - INFO - Successfully fetched details for URJA
2025-04-11 20:56:39,352 - INFO - Successfully fetched details for USHAFIN
2025-04-11 20:56:40,750 - INFO - Successfully fetched details for UMESLTD
2025-04-11 20:56:42,117 - INFO - Successfully fetched details for USHAMART
2025-04-11 20:56:43,552 - INFO - Successfully fetched details for UCL
2025-04-11 20:56:45,498 - INFO - Successfully fetched details for UTIAMC
2025-04-11 20:56:46,499 - INFO - Processing batch 9/10 (10 symbols)
2025-04-11 20:56:46,933 - INFO - Successfully fetched details for UTKARSHBNK
2025-04-11 20:56:48,366 - INFO - Successfully fetched details for UTSSAV
2025-04-11 20:56:49,802 - INFO - Successfully fetched details for UTTAMSUGAR
2025-04-11 20:56:51,745 - INFO - Successfully fetched details for VMARCIND
2025-04-11 20:56:53,178 - INFO - Successfully fetched details for VR
2025-04-11 20:56:54,614 - INFO - Successfully fetched details for VGUARD
2025-04-11 20:56:56,146 - INFO - Successfully fetched details for VLINFRA
2025-04-11 20:56:57,580 - INFO - Successfully fetched details for V2RETAIL
2025-04-11 20:56:58,935 - INFO - Successfully fetched details for WABAG
2025-04-11 20:57:00,230 - INFO - Successfully fetched details for VADILALIND
2025-04-11 20:57:01,230 - INFO - Processing batch 10/10 (10 symbols)
2025-04-11 20:57:02,190 - INFO - Successfully fetched details for VSCL
2025-04-11 20:57:03,485 - INFO - Successfully fetched details for VAIBHAVGBL
2025-04-11 20:57:04,954 - INFO - Successfully fetched details for MADHAVBAUG
2025-04-11 20:57:06,386 - INFO - Successfully fetched details for VAISHALI
2025-04-11 20:57:07,822 - INFO - Successfully fetched details for VAKRANGEE
2025-04-11 20:57:09,153 - INFO - Successfully fetched details for VALIANTLAB
2025-04-11 20:57:10,585 - INFO - Successfully fetched details for VALIANTORG
2025-04-11 20:57:12,019 - INFO - Successfully fetched details for DBREALTY
2025-04-11 20:57:13,452 - INFO - Successfully fetched details for VARDHACRLC
2025-04-11 20:57:14,988 - INFO - Successfully fetched details for VHL
2025-04-11 20:57:16,044 - INFO - Successfully stored data for 100 out of 100 companies
2025-04-11 20:57:16,044 - INFO - Company metadata crawler completed
2025-04-11 20:57:33,397 - INFO - Starting company metadata crawler
2025-04-11 20:57:33,456 - INFO - Successfully loaded 2486 symbols from StockData.csv
2025-04-11 20:57:33,456 - INFO - Found 2486 symbols to process
2025-04-11 20:57:33,456 - INFO - Processing only the first 100 symbols
2025-04-11 20:57:34,977 - INFO - Processing batch 1/10 (10 symbols)
2025-04-11 20:57:35,280 - INFO - Successfully fetched details for VARDMNPOLY
2025-04-11 20:57:36,801 - INFO - Successfully fetched details for VSSL
2025-04-11 20:57:38,236 - INFO - Successfully fetched details for VTL
2025-04-11 20:57:39,702 - INFO - Successfully fetched details for VARROC
2025-04-11 20:57:41,204 - INFO - Successfully fetched details for VBL
2025-04-11 20:57:42,636 - INFO - Successfully fetched details for DENTALKART
2025-04-11 20:57:44,072 - INFO - Successfully fetched details for VASCONEQ
2025-04-11 20:57:45,503 - INFO - Successfully fetched details for VASWANI
2025-04-11 20:57:46,939 - INFO - Successfully fetched details for VCL
2025-04-11 20:57:48,500 - INFO - Successfully fetched details for VDEAL
2025-04-11 20:57:49,501 - INFO - Processing batch 2/10 (10 symbols)
2025-04-11 20:57:50,114 - INFO - Successfully fetched details for MANYAVAR
2025-04-11 20:57:51,750 - INFO - Successfully fetched details for VEDL
2025-04-11 20:57:53,106 - INFO - Successfully fetched details for VEEDOL
2025-04-11 20:57:54,515 - INFO - Successfully fetched details for VEEKAYEM
2025-04-11 20:57:56,974 - INFO - Successfully fetched details for VELS
2025-04-11 20:57:58,511 - INFO - Successfully fetched details for VENKEYS
2025-04-11 20:57:59,944 - INFO - Successfully fetched details for VENTIVE
2025-04-11 20:58:01,377 - INFO - Successfully fetched details for VENUSPIPES
2025-04-11 20:58:02,811 - INFO - Successfully fetched details for VENUSREM
2025-04-11 20:58:04,347 - INFO - Successfully fetched details for VERANDA
2025-04-11 20:58:05,348 - INFO - Processing batch 3/10 (10 symbols)
2025-04-11 20:58:06,393 - INFO - Successfully fetched details for VERITAAS
2025-04-11 20:58:08,031 - INFO - Successfully fetched details for VERTEXPLUS
2025-04-11 20:58:10,802 - INFO - Successfully fetched details for VERTOZ
2025-04-11 20:58:12,231 - INFO - Successfully fetched details for VESUVIUS
2025-04-11 20:58:13,665 - INFO - Successfully fetched details for VETO
2025-04-11 20:58:15,099 - INFO - Successfully fetched details for VIAZ
2025-04-11 20:58:16,533 - INFO - Successfully fetched details for VSTL
2025-04-11 20:58:18,272 - INFO - Successfully fetched details for VHLTD
2025-04-11 20:58:19,608 - INFO - Successfully fetched details for VIDHIING
2025-04-11 20:58:21,038 - INFO - Successfully fetched details for VIJAYA
2025-04-11 20:58:22,038 - INFO - Processing batch 4/10 (10 symbols)
2025-04-11 20:58:22,473 - INFO - Successfully fetched details for VIJIFIN
2025-04-11 20:58:23,907 - INFO - Successfully fetched details for VIKASECO
2025-04-11 20:58:25,440 - INFO - Successfully fetched details for VIKASLIFE
2025-04-11 20:58:26,975 - INFO - Successfully fetched details for VILAS
2025-04-11 20:58:28,362 - INFO - Successfully fetched details for VIMTALABS
2025-04-11 20:58:30,048 - INFO - Successfully fetched details for VINATIORGA
2025-04-11 20:58:31,688 - INFO - Successfully fetched details for VINDHYATEL
2025-04-11 20:58:33,940 - INFO - Successfully fetched details for VINEETLAB
2025-04-11 20:58:36,397 - INFO - Successfully fetched details for VINNY
2025-04-11 20:58:38,036 - INFO - Successfully fetched details for VINSYS
2025-04-11 20:58:39,037 - INFO - Processing batch 5/10 (10 symbols)
2025-04-11 20:58:39,352 - INFO - Successfully fetched details for VINCOFE
2025-04-11 20:58:41,007 - INFO - Successfully fetched details for VINYAS
2025-04-11 20:58:42,644 - INFO - Successfully fetched details for VINYLINDIA
2025-04-11 20:58:44,285 - INFO - Successfully fetched details for VIPCLOTHNG
2025-04-11 20:58:45,822 - INFO - Successfully fetched details for VIPIND
2025-04-11 20:58:48,688 - INFO - Successfully fetched details for VIPULLTD
2025-04-11 20:58:50,314 - INFO - Successfully fetched details for VIRINCHI
2025-04-11 20:58:52,373 - INFO - Successfully fetched details for VISASTEEL
2025-04-11 20:58:53,807 - INFO - Successfully fetched details for VIVIDHA
2025-04-11 20:58:55,347 - INFO - Successfully fetched details for VISAKAIND
2025-04-11 20:58:56,348 - INFO - Processing batch 6/10 (10 symbols)
2025-04-11 20:58:57,082 - INFO - Successfully fetched details for VISAMAN
2025-04-11 20:58:58,722 - INFO - Successfully fetched details for VMM
2025-04-11 20:59:00,362 - INFO - Successfully fetched details for VISHNU
2025-04-11 20:59:01,997 - INFO - Successfully fetched details for VPRPL
2025-04-11 20:59:03,739 - INFO - Successfully fetched details for VISHNUINFR
2025-04-11 20:59:05,480 - INFO - Successfully fetched details for VISHWARAJ
2025-04-11 20:59:07,119 - INFO - Successfully fetched details for VISHWAS
2025-04-11 20:59:08,758 - INFO - Successfully fetched details for VIESL
2025-04-11 20:59:10,396 - INFO - Successfully fetched details for VITAL
2025-04-11 20:59:13,364 - INFO - Successfully fetched details for VIVIANA
2025-04-11 20:59:14,364 - INFO - Processing batch 7/10 (10 symbols)
2025-04-11 20:59:16,347 - INFO - Successfully fetched details for VLEGOV
2025-04-11 20:59:18,074 - INFO - Successfully fetched details for VLSFINANCE
2025-04-11 20:59:19,712 - INFO - Successfully fetched details for VMART
2025-04-11 20:59:20,771 - INFO - Successfully fetched details for IDEA
2025-04-11 20:59:22,375 - INFO - Successfully fetched details for VOLTAMP
2025-04-11 20:59:23,447 - INFO - Successfully fetched details for VOLTAS
2025-04-11 20:59:25,244 - INFO - Successfully fetched details for VRAJ
2025-04-11 20:59:26,983 - INFO - Successfully fetched details for VRLLOG
2025-04-11 20:59:28,624 - INFO - Successfully fetched details for VSTIND
2025-04-11 20:59:30,266 - INFO - Successfully fetched details for VSTTILLERS
2025-04-11 20:59:31,267 - INFO - Processing batch 8/10 (10 symbols)
2025-04-11 20:59:31,799 - INFO - Successfully fetched details for WSI
2025-04-11 20:59:33,538 - INFO - Successfully fetched details for WAAREEENER
2025-04-11 20:59:35,175 - INFO - Successfully fetched details for WALCHANNAG
2025-04-11 20:59:36,813 - INFO - Successfully fetched details for WALPAR
2025-04-11 20:59:38,352 - INFO - Successfully fetched details for WANBURY
2025-04-11 20:59:39,715 - INFO - Successfully fetched details for WEWIN
2025-04-11 20:59:41,791 - INFO - Successfully fetched details for WEALTH
2025-04-11 20:59:43,477 - INFO - Successfully fetched details for WEBELSOLAR
2025-04-11 20:59:45,005 - INFO - Successfully fetched details for WEIZMANIND
2025-04-11 20:59:46,644 - INFO - Successfully fetched details for WELCORP
2025-04-11 20:59:47,644 - INFO - Processing batch 9/10 (10 symbols)
2025-04-11 20:59:48,385 - INFO - Successfully fetched details for WELENT
2025-04-11 20:59:49,819 - INFO - Successfully fetched details for WELINV
2025-04-11 20:59:51,426 - INFO - Successfully fetched details for WELSPUNLIV
2025-04-11 20:59:52,891 - INFO - Successfully fetched details for WENDT
2025-04-11 20:59:54,324 - INFO - Successfully fetched details for WSTCSTPAPR
2025-04-11 20:59:56,065 - INFO - Successfully fetched details for WCIL
2025-04-11 20:59:57,805 - INFO - Successfully fetched details for WESTLIFE
2025-04-11 20:59:59,446 - INFO - Successfully fetched details for WHEELS
2025-04-11 21:00:01,084 - INFO - Successfully fetched details for WHIRLPOOL
2025-04-11 21:00:02,620 - INFO - Successfully fetched details for WILLAMAGOR
2025-04-11 21:00:03,621 - INFO - Processing batch 10/10 (10 symbols)
2025-04-11 21:00:04,463 - INFO - Successfully fetched details for WINDLAS
2025-04-11 21:00:06,100 - INFO - Successfully fetched details for WINDMACHIN
2025-04-11 21:00:08,969 - INFO - Successfully fetched details for WINNY
2025-04-11 21:00:10,606 - INFO - Successfully fetched details for WINSOL
2025-04-11 21:00:12,142 - INFO - Successfully fetched details for WINSOME
2025-04-11 21:00:13,248 - INFO - Successfully fetched details for WIPRO
2025-04-11 21:00:14,804 - INFO - Successfully fetched details for WTICAB
2025-04-11 21:00:16,340 - INFO - Successfully fetched details for WOCKPHARMA
2025-04-11 21:00:17,776 - INFO - Successfully fetched details for WOL3D
2025-04-11 21:00:19,207 - INFO - Successfully fetched details for WOMANCART
2025-04-11 21:00:20,276 - INFO - Successfully stored data for 100 out of 100 companies
2025-04-11 21:00:20,276 - INFO - Company metadata crawler completed
2025-04-11 21:00:38,958 - INFO - Starting company metadata crawler
2025-04-11 21:00:39,019 - INFO - Successfully loaded 2486 symbols from StockData.csv
2025-04-11 21:00:39,020 - INFO - Found 2486 symbols to process
2025-04-11 21:00:39,020 - INFO - Processing only the first 36 symbols
2025-04-11 21:00:40,632 - INFO - Processing batch 1/4 (10 symbols)
2025-04-11 21:00:41,325 - INFO - Successfully fetched details for WEL
2025-04-11 21:00:42,759 - INFO - Successfully fetched details for WONDERLA
2025-04-11 21:00:44,145 - INFO - Successfully fetched details for WORTH
2025-04-11 21:00:45,524 - INFO - Successfully fetched details for XCHANGING
2025-04-11 21:00:47,163 - INFO - Successfully fetched details for XELPMOC
2025-04-11 21:00:48,597 - INFO - Successfully fetched details for XPROINDIA
2025-04-11 21:00:50,134 - INFO - Successfully fetched details for XTGLOBAL
2025-04-11 21:00:51,771 - INFO - Successfully fetched details for YAARI
2025-04-11 21:00:53,207 - INFO - Successfully fetched details for YASHOPTICS
2025-04-11 21:00:54,846 - INFO - Successfully fetched details for YASHO
2025-04-11 21:00:55,846 - INFO - Processing batch 2/4 (10 symbols)
2025-04-11 21:00:56,589 - INFO - Successfully fetched details for YATHARTH
2025-04-11 21:00:58,119 - INFO - Successfully fetched details for YATRA
2025-04-11 21:01:00,072 - INFO - Successfully fetched details for YESBANK
2025-04-11 21:01:02,935 - INFO - Successfully fetched details for YUDIZ
2025-04-11 21:01:04,571 - INFO - Successfully fetched details for YUKEN
2025-04-11 21:01:07,337 - INFO - Successfully fetched details for ZTECH
2025-04-11 21:01:08,872 - INFO - Successfully fetched details for ZAGGLE
2025-04-11 21:01:10,307 - INFO - Successfully fetched details for ZEAL
2025-04-11 21:01:11,746 - INFO - Successfully fetched details for ZEEL
2025-04-11 21:01:13,173 - INFO - Successfully fetched details for ZEELEARN
2025-04-11 21:01:14,173 - INFO - Processing batch 3/4 (10 symbols)
2025-04-11 21:01:14,711 - INFO - Successfully fetched details for ZEEMEDIA
2025-04-11 21:01:16,141 - INFO - Successfully fetched details for ZENTEC
2025-04-11 21:01:17,473 - INFO - Successfully fetched details for ZENITHEXPO
2025-04-11 21:01:18,805 - INFO - Successfully fetched details for ZENITHSTL
2025-04-11 21:01:20,238 - INFO - Successfully fetched details for ZENSARTECH
2025-04-11 21:01:21,673 - INFO - Successfully fetched details for ZFCVINDIA
2025-04-11 21:01:23,310 - INFO - Successfully fetched details for ZIMLAB
2025-04-11 21:01:25,051 - INFO - Successfully fetched details for BLACKBUCK
2025-04-11 21:01:26,689 - INFO - Successfully fetched details for ZODIACLOTH
2025-04-11 21:01:28,431 - INFO - Successfully fetched details for ZODIAC
2025-04-11 21:01:29,431 - INFO - Processing batch 4/4 (6 symbols)
2025-04-11 21:01:29,500 - INFO - Successfully fetched details for ZOMATO
2025-04-11 21:01:30,992 - INFO - Successfully fetched details for ZOTA
2025-04-11 21:01:32,836 - INFO - Successfully fetched details for ZUARI
2025-04-11 21:01:34,384 - INFO - Successfully fetched details for ZUARIIND
2025-04-11 21:01:35,458 - INFO - Successfully fetched details for ZYDUSLIFE
2025-04-11 21:01:36,931 - INFO - Successfully fetched details for ZYDUSWELL
2025-04-11 21:01:37,951 - WARNING - Missing essential company information
2025-04-11 21:01:37,954 - INFO - Successfully stored data for 35 out of 36 companies
2025-04-11 21:01:37,954 - INFO - Company metadata crawler completed
